2025-10-11 05:31:14,182 - INFO - Первый экземпляр - запуск приложения
2025-10-11 05:31:14,340 - INFO - === Запуск приложения ===
2025-10-11 05:31:14,341 - INFO - Settings loaded
2025-10-11 05:31:14,582 - INFO - Иконка трея создана
2025-10-11 05:31:14,707 - INFO - GUI инициализирован
2025-10-11 05:31:14,811 - INFO - Settings saved
2025-10-11 05:31:15,424 - INFO - License verification: SUCCESS
2025-10-11 05:31:23,753 - INFO - Settings saved
2025-10-11 05:31:23,754 - INFO - Settings saved
2025-10-11 05:31:23,773 - INFO - === Завершение приложения ===
2025-10-11 05:34:17,246 - INFO - Первый экземпляр - запуск приложения
2025-10-11 05:34:17,427 - INFO - === Запуск приложения ===
2025-10-11 05:34:17,428 - INFO - Settings loaded
2025-10-11 05:34:17,664 - INFO - Иконка трея создана
2025-10-11 05:34:17,774 - INFO - GUI инициализирован
2025-10-11 05:34:17,877 - INFO - Settings saved
2025-10-11 05:34:18,435 - INFO - License verification: SUCCESS
2025-10-11 05:34:18,440 - INFO - Attached to PID 9888, module base: 0x7ff786ca0000
2025-10-11 05:34:18,442 - INFO - Attached to PID 10620, module base: 0x7ff786ca0000
2025-10-11 05:34:18,443 - INFO - Загружена иконка 0
2025-10-11 05:34:18,446 - INFO - Загружена иконка 5
2025-10-11 05:35:18,973 - INFO - Settings saved
2025-10-11 05:35:18,973 - INFO - Settings saved
2025-10-11 05:35:18,991 - INFO - === Завершение приложения ===
2025-10-11 05:35:42,659 - INFO - Первый экземпляр - запуск приложения
2025-10-11 05:35:42,824 - INFO - === Запуск приложения ===
2025-10-11 05:35:42,825 - INFO - Settings loaded
2025-10-11 05:35:43,057 - INFO - Иконка трея создана
2025-10-11 05:35:43,167 - INFO - GUI инициализирован
2025-10-11 05:35:43,273 - INFO - Settings saved
2025-10-11 05:35:43,486 - INFO - License verification: SUCCESS
2025-10-11 05:35:43,491 - INFO - Attached to PID 9888, module base: 0x7ff786ca0000
2025-10-11 05:35:43,492 - INFO - Attached to PID 10620, module base: 0x7ff786ca0000
2025-10-11 05:35:43,493 - INFO - Загружена иконка 0
2025-10-11 05:35:43,495 - INFO - Загружена иконка 5
2025-10-11 05:36:16,093 - INFO - Загружена иконка 3
2025-10-11 05:40:51,819 - INFO - Settings saved
2025-10-11 05:40:51,819 - INFO - Settings saved
2025-10-11 05:40:51,847 - INFO - === Завершение приложения ===
2025-10-11 05:42:22,106 - INFO - Первый экземпляр - запуск приложения
2025-10-11 05:42:22,295 - INFO - === Запуск приложения ===
2025-10-11 05:42:22,296 - INFO - Settings loaded
2025-10-11 05:42:22,537 - INFO - Иконка трея создана
2025-10-11 05:42:22,660 - INFO - GUI инициализирован
2025-10-11 05:42:22,766 - INFO - Settings saved
2025-10-11 05:42:23,307 - INFO - License verification: SUCCESS
2025-10-11 05:42:23,312 - INFO - Attached to PID 9888, module base: 0x7ff786ca0000
2025-10-11 05:42:23,313 - INFO - Attached to PID 10620, module base: 0x7ff786ca0000
2025-10-11 05:42:23,314 - INFO - Загружена иконка 3
2025-10-11 05:42:23,316 - INFO - Загружена иконка 5
2025-10-11 05:42:28,152 - INFO - Settings saved
2025-10-11 05:42:28,153 - INFO - Settings saved
2025-10-11 05:44:29,650 - INFO - Загружена иконка 0
2025-10-11 05:45:26,950 - INFO - Settings saved
2025-10-11 05:45:26,951 - INFO - Settings saved
2025-10-11 05:45:26,974 - INFO - === Завершение приложения ===
2025-10-11 05:46:09,447 - INFO - Первый экземпляр - запуск приложения
2025-10-11 05:46:09,649 - INFO - === Запуск приложения ===
2025-10-11 05:46:09,649 - INFO - Settings loaded
2025-10-11 05:46:09,896 - INFO - Иконка трея создана
2025-10-11 05:46:10,016 - INFO - GUI инициализирован
2025-10-11 05:46:10,123 - INFO - Settings saved
2025-10-11 05:46:10,666 - INFO - License verification: SUCCESS
2025-10-11 05:46:10,671 - INFO - Attached to PID 9888, module base: 0x7ff786ca0000
2025-10-11 05:46:10,672 - INFO - Attached to PID 10620, module base: 0x7ff786ca0000
2025-10-11 05:46:10,673 - INFO - Загружена иконка 0
2025-10-11 05:46:10,675 - INFO - Загружена иконка 5
2025-10-11 05:46:25,014 - ERROR - Error executing action teleport_to_target: 'NoneType' object has no attribute 'char_base'
2025-10-11 05:46:30,449 - ERROR - Error executing action teleport_to_target: 'NoneType' object has no attribute 'char_base'
2025-10-11 05:46:39,767 - INFO - Settings saved
2025-10-11 05:46:39,768 - INFO - Settings saved
2025-10-11 05:46:39,787 - INFO - === Завершение приложения ===
2025-10-11 05:54:56,071 - INFO - Первый экземпляр - запуск приложения
2025-10-11 05:54:56,256 - INFO - === Запуск приложения ===
2025-10-11 05:54:56,257 - INFO - Settings loaded
2025-10-11 05:54:56,512 - INFO - Иконка трея создана
2025-10-11 05:54:56,621 - INFO - GUI инициализирован
2025-10-11 05:54:56,733 - INFO - Settings saved
2025-10-11 05:54:57,539 - INFO - License verification: SUCCESS
2025-10-11 05:54:57,545 - INFO - Attached to PID 9888, module base: 0x7ff786ca0000
2025-10-11 05:54:57,545 - INFO - Attached to PID 10620, module base: 0x7ff786ca0000
2025-10-11 05:54:57,546 - INFO - Загружена иконка 0
2025-10-11 05:54:57,548 - INFO - Загружена иконка 5
2025-10-11 05:55:19,524 - INFO - Settings saved
2025-10-11 05:55:19,525 - INFO - Settings saved
2025-10-11 05:55:19,543 - INFO - === Завершение приложения ===
2025-10-11 06:05:53,271 - INFO - Первый экземпляр - запуск приложения
2025-10-11 06:05:53,463 - INFO - === Запуск приложения ===
2025-10-11 06:05:53,463 - INFO - Settings loaded
2025-10-11 06:05:53,717 - INFO - Иконка трея создана
2025-10-11 06:05:53,844 - INFO - GUI инициализирован
2025-10-11 06:05:53,958 - INFO - Settings saved
2025-10-11 06:05:54,415 - INFO - License verification: SUCCESS
2025-10-11 06:05:54,420 - INFO - Attached to PID 9888, module base: 0x7ff786ca0000
2025-10-11 06:05:54,421 - INFO - Attached to PID 10620, module base: 0x7ff786ca0000
2025-10-11 06:05:54,422 - INFO - Загружена иконка 0
2025-10-11 06:05:54,424 - INFO - Загружена иконка 5
2025-10-11 06:06:08,269 - ERROR - Error executing action teleport_to_target: 'NoneType' object has no attribute 'char_base'
2025-10-11 06:07:31,225 - ERROR - Error executing action teleport_to_target: 'NoneType' object has no attribute 'char_base'
2025-10-11 06:08:02,214 - ERROR - Error executing action teleport_to_target: 'NoneType' object has no attribute 'char_base'
2025-10-11 06:09:51,082 - ERROR - Error executing action teleport_to_target: 'NoneType' object has no attribute 'char_base'
2025-10-11 06:09:51,335 - ERROR - Error executing action teleport_to_target: 'NoneType' object has no attribute 'char_base'
2025-10-11 06:09:52,178 - ERROR - Error executing action teleport_to_target: 'NoneType' object has no attribute 'char_base'
2025-10-11 06:09:52,788 - ERROR - Error executing action teleport_to_target: 'NoneType' object has no attribute 'char_base'
2025-10-11 06:10:12,671 - ERROR - Error executing action teleport_to_target: 'NoneType' object has no attribute 'char_base'
2025-10-11 06:10:12,963 - ERROR - Error executing action teleport_to_target: 'NoneType' object has no attribute 'char_base'
2025-10-11 06:10:42,674 - ERROR - Error executing action teleport_to_target: 'NoneType' object has no attribute 'char_base'
2025-10-11 06:13:59,899 - ERROR - Error executing action teleport_to_target: 'NoneType' object has no attribute 'char_base'
2025-10-11 06:14:00,757 - ERROR - Error executing action teleport_to_target: 'NoneType' object has no attribute 'char_base'
2025-10-11 06:15:21,363 - ERROR - Error executing action teleport_to_target: 'NoneType' object has no attribute 'char_base'
2025-10-11 06:16:37,871 - INFO - Settings saved
2025-10-11 06:18:23,830 - INFO - Settings saved
2025-10-11 06:21:44,212 - INFO - Settings saved
2025-10-11 06:21:44,213 - INFO - Settings saved
2025-10-11 06:21:44,239 - INFO - === Завершение приложения ===
2025-10-11 06:21:46,901 - INFO - Первый экземпляр - запуск приложения
2025-10-11 06:21:47,080 - INFO - === Запуск приложения ===
2025-10-11 06:21:47,080 - INFO - Settings loaded
2025-10-11 06:21:47,320 - INFO - Иконка трея создана
2025-10-11 06:21:47,458 - INFO - GUI инициализирован
2025-10-11 06:21:47,561 - INFO - Settings saved
2025-10-11 06:21:47,892 - INFO - License verification: SUCCESS
2025-10-11 06:21:47,898 - INFO - Attached to PID 9888, module base: 0x7ff786ca0000
2025-10-11 06:21:47,899 - INFO - Attached to PID 10620, module base: 0x7ff786ca0000
2025-10-11 06:21:47,899 - INFO - Загружена иконка 0
2025-10-11 06:21:47,901 - INFO - Загружена иконка 5
2025-10-11 06:21:48,656 - INFO - Settings saved
2025-10-11 06:37:28,996 - INFO - Settings saved
2025-10-11 06:37:28,997 - INFO - Settings saved
2025-10-11 06:37:29,026 - INFO - === Завершение приложения ===
2025-10-11 06:40:24,542 - INFO - Первый экземпляр - запуск приложения
2025-10-11 06:40:24,744 - INFO - === Запуск приложения ===
2025-10-11 06:40:24,744 - INFO - Settings loaded
2025-10-11 06:40:24,995 - INFO - Иконка трея создана
2025-10-11 06:40:25,126 - INFO - GUI инициализирован
2025-10-11 06:40:25,228 - INFO - Settings saved
2025-10-11 06:40:25,868 - INFO - License verification: SUCCESS
2025-10-11 06:40:25,873 - INFO - Attached to PID 9888, module base: 0x7ff786ca0000
2025-10-11 06:40:25,874 - INFO - Attached to PID 10620, module base: 0x7ff786ca0000
2025-10-11 06:40:25,874 - INFO - Загружена иконка 0
2025-10-11 06:40:25,876 - INFO - Загружена иконка 5
2025-10-11 06:49:41,103 - INFO - Settings saved
2025-10-11 06:49:46,574 - INFO - Settings saved
2025-10-11 06:49:47,257 - INFO - Settings saved
2025-10-11 06:50:56,296 - INFO - Settings saved
2025-10-11 06:51:13,535 - INFO - Settings saved
2025-10-11 06:51:13,870 - INFO - Settings saved
2025-10-11 06:51:14,181 - INFO - Settings saved
2025-10-11 06:57:21,437 - INFO - Settings saved
2025-10-11 06:57:21,438 - INFO - Settings saved
2025-10-11 06:57:21,466 - INFO - === Завершение приложения ===
